[2026-01-13 13:39:17.264] [info] Using configuration file /home/alpinedev/.config/waybar/config
[2026-01-13 13:39:17.264] [info] Unable to receive desktop appearance: GDBus.Error:org.freedesktop.DBus.Error.UnknownMethod: No such interface “org.freedesktop.portal.Settings” on object at path /org/freedesktop/portal/desktop
[2026-01-13 13:39:17.264] [info] Using CSS file /home/alpinedev/.config/waybar/style.css
[2026-01-13 13:39:17.266] [info] Hyprland IPC starting
[2026-01-13 13:39:17.266] [info] Loading persistent workspaces from Hyprland workspace rules
sh: line 1: /home/alpinedev/.config/waybar/scripts/uptime.sh: Permission denied
sh: line 1: waybar-module-pomodoro: command not found
[2026-01-13 13:39:17.271] [error] pomodoro stopped unexpectedly, is it endless?
[2026-01-13 13:39:17.271] [warning] module backlight: Disabling module "backlight", No backlight found
[2026-01-13 13:39:17.271] [warning] No batteries.
[2026-01-13 13:39:17.277] [info] Loading persistent workspaces from Hyprland workspace rules
sh: line 1: /home/alpinedev/.config/waybar/scripts/uptime.sh: Permission denied
sh: line 1: waybar-module-pomodoro: command not found
[2026-01-13 13:39:17.283] [error] pomodoro stopped unexpectedly, is it endless?
[2026-01-13 13:39:17.283] [warning] module backlight: Disabling module "backlight", No backlight found
[2026-01-13 13:39:17.283] [warning] No batteries.
[2026-01-13 13:39:17.493] [info] Bar configured (width: 3440, height: 40) for output: HDMI-A-1
[2026-01-13 13:39:17.493] [info] Bar configured (width: 3440, height: 40) for output: DP-1
sh: line 1: /home/alpinedev/.config/waybar/scripts/uptime.sh: Permission denied
sh: line 1: /home/alpinedev/.config/waybar/scripts/uptime.sh: Permission denied
sh: line 1: /home/alpinedev/.config/waybar/scripts/uptime.sh: Permission denied
sh: line 1: /home/alpinedev/.config/waybar/scripts/uptime.sh: Permission denied
sh: line 1: /home/alpinedev/.config/waybar/scripts/uptime.sh: Permission denied
sh: line 1: /home/alpinedev/.config/waybar/scripts/uptime.sh: Permission denied
sh: line 1: /home/alpinedev/.config/waybar/scripts/uptime.sh: Permission denied
sh: line 1: /home/alpinedev/.config/waybar/scripts/uptime.sh: Permission denied
Gdk-Message: 15:49:45.515: Error reading events from display: Connection reset by peer
